Terminal log file
Date: 06-Mar-16 - 11:42:34 PM
-----------------------------------------------
GET READY
Initializing MPU
MPU Connection Succesful
Sampling time		9453188
begin			9453660
dmp data		9454140
Wireless Data		9455204
pid loop		9458012
ESC Bitbanging		9462260
End			9483932
Sampling time		9484468
begin			9484932
dmp data		9485412
Wireless Data		9489852
pid loop		9491380
ESC Bitbanging		9495632
End			9517300
Sampling time		9517828
begin			9518296
dmp data		9518772
Wireless Data		9523220
pid loop		9524748
ESC Bitbanging		9528996
End			9550660
Sampling time		9551192
begin			9551660
End			9584020
Sampling time		9584548
begin			9585020
dmp data		9585492
Wireless Data		9589984
pid loop		9591468
ESC Bitbanging		9595720
End			9617380
Sampling time		9617912
begin			9618380
dmp data		9618856
Wireless Data		9623308
pid loop		9624828
ESC Bitbanging		9629080
End			9650744
Sampling time		9651280
begin			9651740
dmp data		9652216
Wireless Data		9656636
pid loop		9658192
ESC Bitbanging		9662444
dmp data		9552140
Wireless Data		9556632
pid loop		9558108
ESC Bitbanging		9562356
End			9684104
Sampling time		9684632
begin			9685100
dmp data		9685572
Wireless Data		9690040
pid loop		9691552
ESC Bitbanging		9695800
End			9717464
Sampling time		9718000
begin			9718464
dmp data		9718940
Wireless Data		9723396
pid loop		9724912
ESC Bitbanging		9729160
End			9750824
Sampling time		9751352
begin			9751824
dmp data		9752296
Wireless Data		9756760
pid loop		9758272
ESC Bitbanging		9762524
End			9784188
Sampling time		9784720
begin			9785184
dmp data		9785668
Wireless Data		9790172
pid loop		9791632
ESC Bitbanging		9795884
End			9817552
Sampling time		9818080
begin			9818552
dmp data		9819024
Wireless Data		9823484
pid loop		9825000
ESC Bitbanging		9829248
End			9850920
Sampling time		9851444
begin			9851916
dmp data		9852388
Wireless Data		9856848
pid loop		9858360
ESC Bitbanging		9862612
End			9884280
Sampling time		9884812
begin			9885276
dmp data		9885760
Wireless Data		9890216
pid loop		9891728
ESC Bitbanging		9895980
End			9917648
Sampling time		9918172
begin			9918644
dmp data		9919116
Wireless Data		9923568
pid loop		9925096
ESC Bitbanging		9929344
End			9951008
Sampling time		9951544
begin			9952008
dmp data		9952484
Wireless Data		9956936
pid loop		9958456
ESC Bitbanging		9962708
End			9984372
Sampling time		9984900
begin			9985376
dmp data		9985848
Wireless Data		9990300
pid loop		9991820
ESC Bitbanging		9996072
End			10017740
Sampling time		10018316
begin			10018836
dmp data		10019360
Wireless Data		10024168
pid loop		10026036
ESC Bitbanging		10030456
End			10052292
Sampling time		10052872
begin			10053380
dmp data		10053916
Wireless Data		10058724
pid loop		10060588
ESC Bitbanging		10065008
End			10086840
Sampling time		10087412
begin			10087928
dmp data		10088464
Wireless Data		10093280
pid loop		10095136
ESC Bitbanging		10099556
End			10121396
Sampling time		10121968
begin			10122488
dmp data		10123012
Wireless Data		10127828
pid loop		10129692
ESC Bitbanging		10134112
End			10155944
Sampling time		10156528
begin			10157040
dmp data		10157572
Wireless Data		10162380
pid loop		10164244
ESC Bitbanging		10168664
End			10190508
Sampling time		10191088
begin			10191600
dmp data		10192132
Wireless Data		10196944
pid loop		10198804
ESC Bitbanging		10203224
End			10225056
Sampling time		10225632
begin			10226148
dmp data		10226680
Wireless Data		10231488
pid loop		10233352
ESC Bitbanging		10237776
End			10259608
Sampling time		10260180
begin			10260696
dmp data		10261224
Wireless Data		10266040
pid loop		10267908
ESC Bitbanging		10272328
End			10294164
Sampling time		10294744
begin			10295252
dmp data		10295784
Wireless Data		10300596
pid loop		10302460
ESC Bitbanging		10306880
End			10328720
Sampling time		10329300
begin			10329812
dmp data		10330344
Wireless Data		10335160
pid loop		10337020
ESC Bitbanging		10341440
End			10363272
Sampling time		10363844
begin			10364360
dmp data		10364892
Wireless Data		10369704
pid loop		10371568
ESC Bitbanging		10375988
End			10397824
Sampling time		10398400
begin			10398916
dmp data		10399444
Wireless Data		10404260
pid loop		10406120
ESC Bitbanging		10410544
End			10432380
Sampling time		10432960
begin			10433468
dmp data		10434000
Wireless Data		10438820
pid loop		10440676
ESC Bitbanging		10445096
End			10466936
Sampling time		10467516
begin			10468028
dmp data		10468560
Wireless Data		10473376
pid loop		10475232
ESC Bitbanging		10479652
End			10501488
Sampling time		10502060
begin			10502576
dmp data		10503104
Wireless Data		10507924
pid loop		10509788
ESC Bitbanging		10514208
End			10536040
Sampling time		10536612
begin			10537128
dmp data		10537656
Wireless Data		10542476
pid loop		10544340
ESC Bitbanging		10548760
End			10570592
Sampling time		10571172
begin			10571680
dmp data		10572212
Wireless Data		10577032
pid loop		10578888
ESC Bitbanging		10583308
End			10605152
Sampling time		10605728
begin			10606240
dmp data		10606772
FIFO overflow!
Wireless Data		10612768
pid loop		10616168
ESC Bitbanging		10620588
End			10642420
Sampling time		10643000
begin			10643516
dmp data		10644044
Wireless Data		10648864
pid loop		10650720
ESC Bitbanging		10655140
End			10676972
Sampling time		10677552
begin			10678060
dmp data		10678592
Wireless Data		10683424
pid loop		10685268
ESC Bitbanging		10689688
End			10711528
Sampling time		10712104
begin			10712616
dmp data		10713148
Wireless Data		10717972
pid loop		10719824
ESC Bitbanging		10724244
End			10746076
Sampling time		10746648
begin			10747168
dmp data		10747692
Wireless Data		10752516
pid loop		10754372
ESC Bitbanging		10758792
End			10780632
Sampling time		10781208
begin			10781724
dmp data		10782252
Wireless Data		10787076
pid loop		10788928
ESC Bitbanging		10793348
End			10815180
Sampling time		10815760
begin			10816272
dmp data		10816800
Wireless Data		10821620
pid loop		10823480
ESC Bitbanging		10827900
End			10849736
Sampling time		10850316
begin			10850824
dmp data		10851356
Wireless Data		10856176
pid loop		10858032
ESC Bitbanging		10862452
End			10884284
Sampling time		10884856
begin			10885372
dmp data		10885896
Wireless Data		10890728
pid loop		10892584
ESC Bitbanging		10897004
End			10918840
Sampling time		10919416
begin			10919928
dmp data		10920460
Wireless Data		10925284
pid loop		10927136
ESC Bitbanging		10931556
End			10953400
Sampling time		10953980
begin			10954488
dmp data		10955024
Wireless Data		10959848
pid loop		10961696
ESC Bitbanging		10966116
End			10987952
Sampling time		10988528
begin			10989044
dmp data		10989576
Wireless Data		10994396
pid loop		10996252
ESC Bitbanging		11000672
End			11022508
Sampling time		11023080
begin			11023604
dmp data		11024128
Wireless Data		11028952
pid loop		11030804
ESC Bitbanging		11035224
End			11057056
Sampling time		11057636
begin			11058148
dmp data		11058684
Wireless Data		11063504
pid loop		11065360
ESC Bitbanging		11069776
End			11091620
Sampling time		11092200
begin			11092708
dmp data		11093244
Wireless Data		11098064
pid loop		11099916
ESC Bitbanging		11104336
End			11126168
Sampling time		11126744
begin			11127260
dmp data		11127788
Wireless Data		11132616
pid loop		11134468
ESC Bitbanging		11138888
End			11160724
Sampling time		11161296
begin			11161816
dmp data		11162340
Wireless Data		11167160
pid loop		11169020
ESC Bitbanging		11173440
End			11195272
Sampling time		11195852
begin			11196364
dmp data		11196900
Wireless Data		11201716
pid loop		11203572
ESC Bitbanging		11207992
End			11229836
Sampling time		11230416
begin			11230924
dmp data		11231460
Wireless Data		11236276
pid loop		11238132
ESC Bitbanging		11242552
End			11264384
Sampling time		11264956
begin			11265472
dmp data		11265996
Wireless Data		11270824
pid loop		11272684
ESC Bitbanging		11277104
End			11298936
Sampling time		11299512
begin			11300028
dmp data		11300556
Wireless Data		11305376
pid loop		11307236
ESC Bitbanging		11311656
End			11333488
Sampling time		11334068
begin			11334580
dmp data		11335112
Wireless Data		11339932
pid loop		11341784
ESC Bitbanging		11346204
End			11368044
Sampling time		11368624
begin			11369132
dmp data		11369664
Wireless Data		11374492
pid loop		11376340
ESC Bitbanging		11380760
End			11402600
Sampling time		11403176
begin			11403692
dmp data		11404220
Wireless Data		11409052
pid loop		11410896
ESC Bitbanging		11415316
End			11437152
Sampling time		11437724
begin			11438244
dmp data		11438772
Wireless Data		11443596
pid loop		11445448
ESC Bitbanging		11449868
End			11471700
Sampling time		11472280
begin			11472788
dmp data		11473320
Wireless Data		11478148
pid loop		11479996
ESC Bitbanging		11484420
End			11506252
Sampling time		11506832
begin			11507344
dmp data		11507876
Wireless Data		11512696
pid loop		11514548
ESC Bitbanging		11518968
End			11540808
Sampling time		11541380
begin			11541896
dmp data		11542420
Wireless Data		11547252
pid loop		11549104
ESC Bitbanging		11553524
End			11575360
Sampling time		11575932
begin			11576448
dmp data		11576976
Wireless Data		11581804
pid loop		11583656
ESC Bitbanging		11588076
End			11609912
Sampling time		11610492
begin			11611004
dmp data		11611536
Wireless Data		11616364
pid loop		11618212
ESC Bitbanging		11622632
End			11644468
Sampling time		11645048
begin			11645556
dmp data		11646092
Wireless Data		11650916
pid loop		11652764
ESC Bitbanging		11657184
End			11679016
Sampling time		11679592
begin			11680108
dmp data		11680632
Wireless Data		11685460
pid loop		11687316
ESC Bitbanging		11691736
End			11713572
Sampling time		11714148
begin			11714664
dmp data		11715192
Wireless Data		11720016
pid loop		11721864
ESC Bitbanging		11726284
End			11748120
Sampling time		11748700
begin			11749212
dmp data		11749748
FIFO overflow!
Wireless Data		11755736
pid loop		11759140
ESC Bitbanging		11763556
End			11785396
Sampling time		11785968
begin			11786484
dmp data		11787012
Wireless Data		11791840
pid loop		11793692
ESC Bitbanging		11798112
End			11819944
Sampling time		11820524
begin			11821036
dmp data		11821568
Wireless Data		11826392
pid loop		11828244
ESC Bitbanging		11832664
End			11854504
Sampling time		11855084
begin			11855596
dmp data		11856128
Wireless Data		11860956
pid loop		11862804
ESC Bitbanging		11867224
End			11889060
Sampling time		11889632
begin			11890148
dmp data		11890676
Wireless Data		11895504
pid loop		11897356
ESC Bitbanging		11901776
End			11923608
Sampling time		11924184
begin			11924700
dmp data		11925228
Wireless Data		11930048
pid loop		11931908
ESC Bitbanging		11936328
End			11958164
Sampling time		11958744
begin			11959256
dmp data		11959788
Wireless Data		11964600
pid loop		11966460
ESC Bitbanging		11970880
End			11992720
Sampling time		11993300
begin			11993812
dmp data		11994344
Wireless Data		11999164
pid loop		12001016
ESC Bitbanging		12005436
End			12027272
Sampling time		12027848
begin			12028364
dmp data		12028892
Wireless Data		12033712
pid loop		12035572
ESC Bitbanging		12039992
End			12061828
Sampling time		12062404
begin			12062920
dmp data		12063448
Wireless Data		12068268
pid loop		12070128
ESC Bitbanging		12074548
End			12096380
Sampling time		12096960
begin			12097468
dmp data		12098000
Wireless Data		12102828
pid loop		12104676
ESC Bitbanging		12109096
End			12130936
Sampling time		12131516
begin			12132028
dmp data		12132560
Wireless Data		12137376
pid loop		12139232
ESC Bitbanging		12143652
End			12165492
Sampling time		12166064
begin			12166580
dmp data		12167104
Wireless Data		12171928
pid loop		12173788
ESC Bitbanging		12178208
End			12200040
Sampling time		12200612
begin			12201132
dmp data		12201664
Wireless Data		12206476
pid loop		12208336
ESC Bitbanging		12212756
End			12234596
Sampling time		12235176
begin			12235688
dmp data		12236220
Wireless Data		12241040
pid loop		12242892
ESC Bitbanging		12247312
End			12269152
Sampling time		12269732
begin			12270244
dmp data		12270780
Wireless Data		12275596
pid loop		12277448
ESC Bitbanging		12281876
End			12303704
Sampling time		12304276
begin			12304792
dmp data		12305320
Wireless Data		12310152
pid loop		12312004
ESC Bitbanging		12316424
End			12338260
Sampling time		12338832
begin			12339348
dmp data		12339876
Wireless Data		12344704
pid loop		12346556
ESC Bitbanging		12350976
End			12372808
Sampling time		12373388
begin			12373896
dmp data		12374432
Wireless Data		12379252
pid loop		12381104
ESC Bitbanging		12385524
End			12407364
Sampling time		12407944
begin			12408452
dmp data		12408988
Wireless Data		12413804
pid loop		12415660
ESC Bitbanging		12420080
End			12441912
Sampling time		12442484
begin			12443004
dmp data		12443528
Wireless Data		12448348
pid loop		12450208
ESC Bitbanging		12454628
End			12476472
Sampling time		12477048
begin			12477564
dmp data		12478092
Wireless Data		12482916
pid loop		12484772
ESC Bitbanging		12489192
End			12511024
Sampling time		12511604
begin			12512116
dmp data		12512648
Wireless Data		12517468
pid loop		12519320
ESC Bitbanging		12523740
End			12545580
Sampling time		12546160
begin			12546668
dmp data		12547200
Wireless Data		12552020
pid loop		12553876
ESC Bitbanging		12558296
End			12580132
Sampling time		12580708
begin			12581228
dmp data		12581756
Wireless Data		12586572
pid loop		12588432
ESC Bitbanging		12592852
End			12614688
Sampling time		12615264
begin			12615780
dmp data		12616308
Wireless Data		12621124
pid loop		12622980
ESC Bitbanging		12627400
End			12649240
Sampling time		12649820
begin			12650328
dmp data		12650864
Wireless Data		12655680
pid loop		12657536
ESC Bitbanging		12661956
End			12683788
Sampling time		12684368
begin			12684880
dmp data		12685416
Wireless Data		12690228
pid loop		12692088
ESC Bitbanging		12696508
End			12718340
Sampling time		12718916
begin			12719432
dmp data		12719960
Wireless Data		12724776
pid loop		12726636
ESC Bitbanging		12731056
End			12752892
Sampling time		12753472
begin			12753992
dmp data		12754520
Wireless Data		12759328
pid loop		12761192
ESC Bitbanging		12765612
End			12787444
Sampling time		12788024
begin			12788536
dmp data		12789068
Wireless Data		12793884
pid loop		12795740
ESC Bitbanging		12800160
End			12821996
Sampling time		12822576
begin			12823084
dmp data		12823616
Wireless Data		12828432
pid loop		12830296
ESC Bitbanging		12834716
End			12856552
Sampling time		12857124
begin			12857640
dmp data		12858164
Wireless Data		12862984
pid loop		12864848
ESC Bitbanging		12869268
End			12891104
Sampling time		12891684
begin			12892200
dmp data		12892724
FIFO overflow!
Wireless Data		12898720
pid loop		12902120
ESC Bitbanging		12906540
End			12928376
Sampling time		12928948
begin			12929464
dmp data		12929992
Wireless Data		12934816
pid loop		12936676
ESC Bitbanging		12941096
End			12962932
Sampling time		12963504
begin			12964020
dmp data		12964544
Wireless Data		12969368
pid loop		12971228
ESC Bitbanging		12975648
End			12997480
Sampling time		12998060
begin			12998572
dmp data		12999104
Wireless Data		13003924
pid loop		13005776
ESC Bitbanging		13010196
End			13032036
Sampling time		13032616
begin			13033128
dmp data		13033660
Wireless Data		13038476
pid loop		13040332
ESC Bitbanging		13044756
End			13066592
Sampling time		13067164
begin			13067680
dmp data		13068208
Wireless Data		13073032
pid loop		13074888
ESC Bitbanging		13079308
End			13101144
Sampling time		13101716
begin			13102236
dmp data		13102764
Wireless Data		13107584
pid loop		13109440
ESC Bitbanging		13113860
End			13135692
Sampling time		13136272
begin			13136780
dmp data		13137312
Wireless Data		13142136
pid loop		13143988
ESC Bitbanging		13148412
End			13170248
Sampling time		13170824
begin			13171336
dmp data		13171868
Wireless Data		13176688
pid loop		13178544
ESC Bitbanging		13182964
End			13204796
Sampling time		13205368
begin			13205884
dmp data		13206412
Wireless Data		13211236
pid loop		13213096
ESC Bitbanging		13217516
End			13239356
Sampling time		13239932
begin			13240452
dmp data		13240976
Wireless Data		13245792
pid loop		13247652
ESC Bitbanging		13252072
End			13273904
Sampling time		13274484
begin			13274992
dmp data		13275528
Wireless Data		13280356
pid loop		13282204
ESC Bitbanging		13286624
End			13308460
Sampling time		13309040
begin			13309548
dmp data		13310084
Wireless Data		13314900
pid loop		13316756
ESC Bitbanging		13321176
End			13343012
Sampling time		13343588
begin			13344104
dmp data		13344628
Wireless Data		13349452
pid loop		13351312
ESC Bitbanging		13355732
End			13377572
Sampling time		13378144
begin			13378660
dmp data		13379188
Wireless Data		13384004
pid loop		13385864
ESC Bitbanging		13390284
End			13412116
Sampling time		13412696
begin			13413208
dmp data		13413740
Wireless Data		13418560
pid loop		13420412
ESC Bitbanging		13424832
End			13446668
Sampling time		13447248
begin			13447756
dmp data		13448288
Wireless Data		13453112
pid loop		13454968
ESC Bitbanging		13459388
End			13481224
Sampling time		13481796
begin			13482312
dmp data		13482836
Wireless Data		13487660
pid loop		13489520
ESC Bitbanging		13493940
End			13515772
Sampling time		13516356
begin			13516872
dmp data		13517396
Wireless Data		13522208
pid loop		13524072
ESC Bitbanging		13528492
End			13550324
Sampling time		13550904
begin			13551412
dmp data		13551948
Wireless Data		13556768
pid loop		13558620
ESC Bitbanging		13563040
End			13584880
Sampling time		13585456
begin			13585968
dmp data		13586500
Wireless Data		13591320
pid loop		13593176
ESC Bitbanging		13597596
End			13619428
Sampling time		13620000
begin			13620516
dmp data		13621040
Wireless Data		13625868
pid loop		13627724
ESC Bitbanging		13632144
End			13653980
Sampling time		13654560
begin			13655076
dmp data		13655604
Wireless Data		13660424
pid loop		13662280
ESC Bitbanging		13666700
End			13688532
Sampling time		13689112
begin			13689624
dmp data		13690156
Wireless Data		13694972
pid loop		13696832
ESC Bitbanging		13701248
End			13723088
Sampling time		13723664
begin			13724176
dmp data		13724708
Wireless Data		13729532
pid loop		13731384
ESC Bitbanging		13735804
End			13757636
Sampling time		13758212
begin			13758728
dmp data		13759264
Wireless Data		13764080
pid loop		13765936
ESC Bitbanging		13770356
End			13792192
Sampling time		13792768
begin			13793284
dmp data		13793812
Wireless Data		13798632
pid loop		13800488
ESC Bitbanging		13804908
End			13826748
Sampling time		13827324
begin			13827836
dmp data		13828368
Wireless Data		13833192
pid loop		13835044
ESC Bitbanging		13839464
End			13861296
Sampling time		13861868
begin			13862388
dmp data		13862920
Wireless Data		13867740
pid loop		13869596
ESC Bitbanging		13874016
End			13895852
Sampling time		13896424
begin			13896940
dmp data		13897468
Wireless Data		13902296
pid loop		13904148
ESC Bitbanging		13908568
End			13930404
Sampling time		13930984
begin			13931492
dmp data		13932028
Wireless Data		13936848
pid loop		13938708
ESC Bitbanging		13943124
End			13964968
Sampling time		13965544
begin			13966056
dmp data		13966588
Wireless Data		13971412
pid loop		13973264
ESC Bitbanging		13977684
End			13999520
Sampling time		14000092
begin			14000608
dmp data		14001136
FIFO overflow!
Wireless Data		14007136
pid loop		14010536
ESC Bitbanging		14014956
End			14036792
Sampling time		14037372
begin			14037880
dmp data		14038416

-----------------------------------------------
Date: 06-Mar-16 - 11:43:06 PM
End log file
